This is pdfTeX, Version 3.14159265-2.6-1.40.20 (TeX Live 2019) (preloaded format=pdflatex 2019.7.7)  7 JUL 2019 23:45
entering extended mode
 restricted \write18 enabled.
 file:line:error style messages enabled.
 %&-line parsing enabled.
**data-structures_n_algor.tex
(./data-structures_n_algor.tex
LaTeX2e <2018-12-01>
(/usr/local/texlive/2019/texmf-dist/tex/latex/base/report.cls
Document Class: report 2018/09/03 v1.4i Standard LaTeX document class
(/usr/local/texlive/2019/texmf-dist/tex/latex/base/size12.clo
File: size12.clo 2018/09/03 v1.4i Standard LaTeX file (size option)
)
\c@part=\count80
\c@chapter=\count81
\c@section=\count82
\c@subsection=\count83
\c@subsubsection=\count84
\c@paragraph=\count85
\c@subparagraph=\count86
\c@figure=\count87
\c@table=\count88
\abovecaptionskip=\skip41
\belowcaptionskip=\skip42
\bibindent=\dimen102
)
(./others/preamble.tex
(/usr/local/texlive/2019/texmf-dist/tex/latex/graphics/graphicx.sty
Package: graphicx 2017/06/01 v1.1a Enhanced LaTeX Graphics (DPC,SPQR)

(/usr/local/texlive/2019/texmf-dist/tex/latex/graphics/keyval.sty
Package: keyval 2014/10/28 v1.15 key=value parser (DPC)
\KV@toks@=\toks14
)
(/usr/local/texlive/2019/texmf-dist/tex/latex/graphics/graphics.sty
Package: graphics 2017/06/25 v1.2c Standard LaTeX Graphics (DPC,SPQR)

(/usr/local/texlive/2019/texmf-dist/tex/latex/graphics/trig.sty
Package: trig 2016/01/03 v1.10 sin cos tan (DPC)
)
(/usr/local/texlive/2019/texmf-dist/tex/latex/graphics-cfg/graphics.cfg
File: graphics.cfg 2016/06/04 v1.11 sample graphics configuration
)
Package graphics Info: Driver file: pdftex.def on input line 99.

(/usr/local/texlive/2019/texmf-dist/tex/latex/graphics-def/pdftex.def
File: pdftex.def 2018/01/08 v1.0l Graphics/color driver for pdftex
))
\Gin@req@height=\dimen103
\Gin@req@width=\dimen104
)
(/usr/local/texlive/2019/texmf-dist/tex/latex/amsmath/amsmath.sty
Package: amsmath 2018/12/01 v2.17b AMS math features
\@mathmargin=\skip43

For additional information on amsmath, use the `?' option.
(/usr/local/texlive/2019/texmf-dist/tex/latex/amsmath/amstext.sty
Package: amstext 2000/06/29 v2.01 AMS text

(/usr/local/texlive/2019/texmf-dist/tex/latex/amsmath/amsgen.sty
File: amsgen.sty 1999/11/30 v2.0 generic functions
\@emptytoks=\toks15
\ex@=\dimen105
))
(/usr/local/texlive/2019/texmf-dist/tex/latex/amsmath/amsbsy.sty
Package: amsbsy 1999/11/29 v1.2d Bold Symbols
\pmbraise@=\dimen106
)
(/usr/local/texlive/2019/texmf-dist/tex/latex/amsmath/amsopn.sty
Package: amsopn 2016/03/08 v2.02 operator names
)
\inf@bad=\count89
LaTeX Info: Redefining \frac on input line 223.
\uproot@=\count90
\leftroot@=\count91
LaTeX Info: Redefining \overline on input line 385.
\classnum@=\count92
\DOTSCASE@=\count93
LaTeX Info: Redefining \ldots on input line 482.
LaTeX Info: Redefining \dots on input line 485.
LaTeX Info: Redefining \cdots on input line 606.
\Mathstrutbox@=\box27
\strutbox@=\box28
\big@size=\dimen107
LaTeX Font Info:    Redeclaring font encoding OML on input line 729.
LaTeX Font Info:    Redeclaring font encoding OMS on input line 730.
\macc@depth=\count94
\c@MaxMatrixCols=\count95
\dotsspace@=\muskip10
\c@parentequation=\count96
\dspbrk@lvl=\count97
\tag@help=\toks16
\row@=\count98
\column@=\count99
\maxfields@=\count100
\andhelp@=\toks17
\eqnshift@=\dimen108
\alignsep@=\dimen109
\tagshift@=\dimen110
\tagwidth@=\dimen111
\totwidth@=\dimen112
\lineht@=\dimen113
\@envbody=\toks18
\multlinegap=\skip44
\multlinetaggap=\skip45
\mathdisplay@stack=\toks19
LaTeX Info: Redefining \[ on input line 2844.
LaTeX Info: Redefining \] on input line 2845.
)
(/usr/local/texlive/2019/texmf-dist/tex/latex/amsfonts/amssymb.sty
Package: amssymb 2013/01/14 v3.01 AMS font symbols

(/usr/local/texlive/2019/texmf-dist/tex/latex/amsfonts/amsfonts.sty
Package: amsfonts 2013/01/14 v3.01 Basic AMSFonts support
\symAMSa=\mathgroup4
\symAMSb=\mathgroup5
LaTeX Font Info:    Overwriting math alphabet `\mathfrak' in version `bold'
(Font)                  U/euf/m/n --> U/euf/b/n on input line 106.
))
(/usr/local/texlive/2019/texmf-dist/tex/latex/amscls/amsthm.sty
Package: amsthm 2017/10/31 v2.20.4
\thm@style=\toks20
\thm@bodyfont=\toks21
\thm@headfont=\toks22
\thm@notefont=\toks23
\thm@headpunct=\toks24
\thm@preskip=\skip46
\thm@postskip=\skip47
\thm@headsep=\skip48
\dth@everypar=\toks25
)
\c@theorem=\count101
\c@axiom=\count102
\c@corollary=\count103
\c@lemma=\count104
\c@Rule=\count105
\c@law=\count106
\c@principle=\count107

(/usr/local/texlive/2019/texmf-dist/tex/latex/tools/array.sty
Package: array 2018/12/30 v2.4k Tabular extension package (FMi)
\col@sep=\dimen114
\ar@mcellbox=\box29
\extrarowheight=\dimen115
\NC@list=\toks26
\extratabsurround=\skip49
\backup@length=\skip50
\ar@cellbox=\box30
)
(/usr/local/texlive/2019/texmf-dist/tex/latex/setspace/setspace.sty
Package: setspace 2011/12/19 v6.7a set line spacing
)
(/usr/local/texlive/2019/texmf-dist/tex/latex/geometry/geometry.sty
Package: geometry 2018/04/16 v5.8 Page Geometry

(/usr/local/texlive/2019/texmf-dist/tex/generic/oberdiek/ifpdf.sty
Package: ifpdf 2018/09/07 v3.3 Provides the ifpdf switch
)
(/usr/local/texlive/2019/texmf-dist/tex/generic/oberdiek/ifvtex.sty
Package: ifvtex 2016/05/16 v1.6 Detect VTeX and its facilities (HO)
Package ifvtex Info: VTeX not detected.
)
(/usr/local/texlive/2019/texmf-dist/tex/generic/ifxetex/ifxetex.sty
Package: ifxetex 2010/09/12 v0.6 Provides ifxetex conditional
)
\Gm@cnth=\count108
\Gm@cntv=\count109
\c@Gm@tempcnt=\count110
\Gm@bindingoffset=\dimen116
\Gm@wd@mp=\dimen117
\Gm@odd@mp=\dimen118
\Gm@even@mp=\dimen119
\Gm@layoutwidth=\dimen120
\Gm@layoutheight=\dimen121
\Gm@layouthoffset=\dimen122
\Gm@layoutvoffset=\dimen123
\Gm@dimlist=\toks27
)
(/usr/local/texlive/2019/texmf-dist/tex/latex/algorithms/algorithm.sty
Package: algorithm 2009/08/24 v0.1 Document Style `algorithm' - floating enviro
nment

(/usr/local/texlive/2019/texmf-dist/tex/latex/float/float.sty
Package: float 2001/11/08 v1.3d Float enhancements (AL)
\c@float@type=\count111
\float@exts=\toks28
\float@box=\box31
\@float@everytoks=\toks29
\@floatcapt=\box32
)
(/usr/local/texlive/2019/texmf-dist/tex/latex/base/ifthen.sty
Package: ifthen 2014/09/29 v1.1c Standard LaTeX ifthen package (DPC)
)
\@float@every@algorithm=\toks30
\c@algorithm=\count112
)
(/usr/local/texlive/2019/texmf-dist/tex/latex/algorithms/algorithmic.sty
Package: algorithmic 2009/08/24 v0.1 Document Style `algorithmic'
\c@ALC@unique=\count113
\c@ALC@line=\count114
\c@ALC@rem=\count115
\c@ALC@depth=\count116
\ALC@tlm=\skip51
\algorithmicindent=\skip52
)
(/usr/local/texlive/2019/texmf-dist/tex/latex/listings/listings.sty
\lst@mode=\count117
\lst@gtempboxa=\box33
\lst@token=\toks31
\lst@length=\count118
\lst@currlwidth=\dimen124
\lst@column=\count119
\lst@pos=\count120
\lst@lostspace=\dimen125
\lst@width=\dimen126
\lst@newlines=\count121
\lst@lineno=\count122
\lst@maxwidth=\dimen127

(/usr/local/texlive/2019/texmf-dist/tex/latex/listings/lstmisc.sty
File: lstmisc.sty 2019/02/27 1.8b (Carsten Heinz)
\c@lstnumber=\count123
\lst@skipnumbers=\count124
\lst@framebox=\box34
)
(/usr/local/texlive/2019/texmf-dist/tex/latex/listings/listings.cfg
File: listings.cfg 2019/02/27 1.8b listings configuration
))
Package: listings 2019/02/27 1.8b (Carsten Heinz)

(./clrscode3e.sty
Package: clrscode3e 
\c@codelinenumber=\count125
\c@indent=\count126
\digitwidth=\skip53
\savecode=\box35
\codeboxwidth=\skip54
\c@thisindent=\count127
) (/usr/local/texlive/2019/texmf-dist/tex/latex/cite/cite.sty
LaTeX Info: Redefining \cite on input line 302.
LaTeX Info: Redefining \nocite on input line 332.
Package: cite 2015/02/27  v 5.5
) (/usr/local/texlive/2019/texmf-dist/tex/latex/mflogo/mflogo.sty
Package: mflogo 1999/03/10 v2.0 LaTeX package for Metafont and MetaPost logos
)
(/usr/local/texlive/2019/texmf-dist/tex/latex/tipa/tipa.sty
Package: tipa 2002/08/08 TIPA version 1.1

(/usr/local/texlive/2019/texmf-dist/tex/latex/base/fontenc.sty
Package: fontenc 2018/08/11 v2.0j Standard LaTeX package

(/usr/local/texlive/2019/texmf-dist/tex/latex/tipa/t3enc.def
File: t3enc.def 2001/12/31 T3 encoding
Now handling font encoding T3 ...
... no UTF-8 mapping file for font encoding T3
)
(/usr/local/texlive/2019/texmf-dist/tex/latex/base/ot1enc.def
File: ot1enc.def 2018/08/11 v2.0j Standard LaTeX file
LaTeX Font Info:    Redeclaring font encoding OT1 on input line 48.
)))
(/usr/local/texlive/2019/texmf-dist/tex/latex/base/textcomp.sty
Package: textcomp 2018/08/11 v2.0j Standard LaTeX package
Package textcomp Info: Sub-encoding information:
(textcomp)               5 = only ISO-Adobe without \textcurrency
(textcomp)               4 = 5 + \texteuro
(textcomp)               3 = 4 + \textohm
(textcomp)               2 = 3 + \textestimated + \textcurrency
(textcomp)               1 = TS1 - \textcircled - \t
(textcomp)               0 = TS1 (full)
(textcomp)             Font families with sub-encoding setting implement
(textcomp)             only a restricted character set as indicated.
(textcomp)             Family '?' is the default used for unknown fonts.
(textcomp)             See the documentation for details.
Package textcomp Info: Setting ? sub-encoding to TS1/1 on input line 79.

(/usr/local/texlive/2019/texmf-dist/tex/latex/base/ts1enc.def
File: ts1enc.def 2001/06/05 v3.0e (jk/car/fm) Standard LaTeX file
Now handling font encoding TS1 ...
... processing UTF-8 mapping file for font encoding TS1

(/usr/local/texlive/2019/texmf-dist/tex/latex/base/ts1enc.dfu
File: ts1enc.dfu 2018/10/05 v1.2f UTF-8 support for inputenc
   defining Unicode char U+00A2 (decimal 162)
   defining Unicode char U+00A3 (decimal 163)
   defining Unicode char U+00A4 (decimal 164)
   defining Unicode char U+00A5 (decimal 165)
   defining Unicode char U+00A6 (decimal 166)
   defining Unicode char U+00A7 (decimal 167)
   defining Unicode char U+00A8 (decimal 168)
   defining Unicode char U+00A9 (decimal 169)
   defining Unicode char U+00AA (decimal 170)
   defining Unicode char U+00AC (decimal 172)
   defining Unicode char U+00AE (decimal 174)
   defining Unicode char U+00AF (decimal 175)
   defining Unicode char U+00B0 (decimal 176)
   defining Unicode char U+00B1 (decimal 177)
   defining Unicode char U+00B2 (decimal 178)
   defining Unicode char U+00B3 (decimal 179)
   defining Unicode char U+00B4 (decimal 180)
   defining Unicode char U+00B5 (decimal 181)
   defining Unicode char U+00B6 (decimal 182)
   defining Unicode char U+00B7 (decimal 183)
   defining Unicode char U+00B9 (decimal 185)
   defining Unicode char U+00BA (decimal 186)
   defining Unicode char U+00BC (decimal 188)
   defining Unicode char U+00BD (decimal 189)
   defining Unicode char U+00BE (decimal 190)
   defining Unicode char U+00D7 (decimal 215)
   defining Unicode char U+00F7 (decimal 247)
   defining Unicode char U+0192 (decimal 402)
   defining Unicode char U+02C7 (decimal 711)
   defining Unicode char U+02D8 (decimal 728)
   defining Unicode char U+02DD (decimal 733)
   defining Unicode char U+0E3F (decimal 3647)
   defining Unicode char U+2016 (decimal 8214)
   defining Unicode char U+2020 (decimal 8224)
   defining Unicode char U+2021 (decimal 8225)
   defining Unicode char U+2022 (decimal 8226)
   defining Unicode char U+2030 (decimal 8240)
   defining Unicode char U+2031 (decimal 8241)
   defining Unicode char U+203B (decimal 8251)
   defining Unicode char U+203D (decimal 8253)
   defining Unicode char U+2044 (decimal 8260)
   defining Unicode char U+204E (decimal 8270)
   defining Unicode char U+2052 (decimal 8274)
   defining Unicode char U+20A1 (decimal 8353)
   defining Unicode char U+20A4 (decimal 8356)
   defining Unicode char U+20A6 (decimal 8358)
   defining Unicode char U+20A9 (decimal 8361)
   defining Unicode char U+20AB (decimal 8363)
   defining Unicode char U+20AC (decimal 8364)
   defining Unicode char U+20B1 (decimal 8369)
   defining Unicode char U+2103 (decimal 8451)
   defining Unicode char U+2116 (decimal 8470)
   defining Unicode char U+2117 (decimal 8471)
   defining Unicode char U+211E (decimal 8478)
   defining Unicode char U+2120 (decimal 8480)
   defining Unicode char U+2122 (decimal 8482)
   defining Unicode char U+2126 (decimal 8486)
   defining Unicode char U+2127 (decimal 8487)
   defining Unicode char U+212E (decimal 8494)
   defining Unicode char U+2190 (decimal 8592)
   defining Unicode char U+2191 (decimal 8593)
   defining Unicode char U+2192 (decimal 8594)
   defining Unicode char U+2193 (decimal 8595)
   defining Unicode char U+2329 (decimal 9001)
   defining Unicode char U+232A (decimal 9002)
   defining Unicode char U+2422 (decimal 9250)
   defining Unicode char U+25E6 (decimal 9702)
   defining Unicode char U+25EF (decimal 9711)
   defining Unicode char U+266A (decimal 9834)
   defining Unicode char U+FEFF (decimal 65279)
))
LaTeX Info: Redefining \oldstylenums on input line 334.
Package textcomp Info: Setting cmr sub-encoding to TS1/0 on input line 349.
Package textcomp Info: Setting cmss sub-encoding to TS1/0 on input line 350.
Package textcomp Info: Setting cmtt sub-encoding to TS1/0 on input line 351.
Package textcomp Info: Setting cmvtt sub-encoding to TS1/0 on input line 352.
Package textcomp Info: Setting cmbr sub-encoding to TS1/0 on input line 353.
Package textcomp Info: Setting cmtl sub-encoding to TS1/0 on input line 354.
Package textcomp Info: Setting ccr sub-encoding to TS1/0 on input line 355.
Package textcomp Info: Setting ptm sub-encoding to TS1/4 on input line 356.
Package textcomp Info: Setting pcr sub-encoding to TS1/4 on input line 357.
Package textcomp Info: Setting phv sub-encoding to TS1/4 on input line 358.
Package textcomp Info: Setting ppl sub-encoding to TS1/3 on input line 359.
Package textcomp Info: Setting pag sub-encoding to TS1/4 on input line 360.
Package textcomp Info: Setting pbk sub-encoding to TS1/4 on input line 361.
Package textcomp Info: Setting pnc sub-encoding to TS1/4 on input line 362.
Package textcomp Info: Setting pzc sub-encoding to TS1/4 on input line 363.
Package textcomp Info: Setting bch sub-encoding to TS1/4 on input line 364.
Package textcomp Info: Setting put sub-encoding to TS1/5 on input line 365.
Package textcomp Info: Setting uag sub-encoding to TS1/5 on input line 366.
Package textcomp Info: Setting ugq sub-encoding to TS1/5 on input line 367.
Package textcomp Info: Setting ul8 sub-encoding to TS1/4 on input line 368.
Package textcomp Info: Setting ul9 sub-encoding to TS1/4 on input line 369.
Package textcomp Info: Setting augie sub-encoding to TS1/5 on input line 370.
Package textcomp Info: Setting dayrom sub-encoding to TS1/3 on input line 371.
Package textcomp Info: Setting dayroms sub-encoding to TS1/3 on input line 372.

Package textcomp Info: Setting pxr sub-encoding to TS1/0 on input line 373.
Package textcomp Info: Setting pxss sub-encoding to TS1/0 on input line 374.
Package textcomp Info: Setting pxtt sub-encoding to TS1/0 on input line 375.
Package textcomp Info: Setting txr sub-encoding to TS1/0 on input line 376.
Package textcomp Info: Setting txss sub-encoding to TS1/0 on input line 377.
Package textcomp Info: Setting txtt sub-encoding to TS1/0 on input line 378.
Package textcomp Info: Setting lmr sub-encoding to TS1/0 on input line 379.
Package textcomp Info: Setting lmdh sub-encoding to TS1/0 on input line 380.
Package textcomp Info: Setting lmss sub-encoding to TS1/0 on input line 381.
Package textcomp Info: Setting lmssq sub-encoding to TS1/0 on input line 382.
Package textcomp Info: Setting lmvtt sub-encoding to TS1/0 on input line 383.
Package textcomp Info: Setting lmtt sub-encoding to TS1/0 on input line 384.
Package textcomp Info: Setting qhv sub-encoding to TS1/0 on input line 385.
Package textcomp Info: Setting qag sub-encoding to TS1/0 on input line 386.
Package textcomp Info: Setting qbk sub-encoding to TS1/0 on input line 387.
Package textcomp Info: Setting qcr sub-encoding to TS1/0 on input line 388.
Package textcomp Info: Setting qcs sub-encoding to TS1/0 on input line 389.
Package textcomp Info: Setting qpl sub-encoding to TS1/0 on input line 390.
Package textcomp Info: Setting qtm sub-encoding to TS1/0 on input line 391.
Package textcomp Info: Setting qzc sub-encoding to TS1/0 on input line 392.
Package textcomp Info: Setting qhvc sub-encoding to TS1/0 on input line 393.
Package textcomp Info: Setting futs sub-encoding to TS1/4 on input line 394.
Package textcomp Info: Setting futx sub-encoding to TS1/4 on input line 395.
Package textcomp Info: Setting futj sub-encoding to TS1/4 on input line 396.
Package textcomp Info: Setting hlh sub-encoding to TS1/3 on input line 397.
Package textcomp Info: Setting hls sub-encoding to TS1/3 on input line 398.
Package textcomp Info: Setting hlst sub-encoding to TS1/3 on input line 399.
Package textcomp Info: Setting hlct sub-encoding to TS1/5 on input line 400.
Package textcomp Info: Setting hlx sub-encoding to TS1/5 on input line 401.
Package textcomp Info: Setting hlce sub-encoding to TS1/5 on input line 402.
Package textcomp Info: Setting hlcn sub-encoding to TS1/5 on input line 403.
Package textcomp Info: Setting hlcw sub-encoding to TS1/5 on input line 404.
Package textcomp Info: Setting hlcf sub-encoding to TS1/5 on input line 405.
Package textcomp Info: Setting pplx sub-encoding to TS1/3 on input line 406.
Package textcomp Info: Setting pplj sub-encoding to TS1/3 on input line 407.
Package textcomp Info: Setting ptmx sub-encoding to TS1/4 on input line 408.
Package textcomp Info: Setting ptmj sub-encoding to TS1/4 on input line 409.
)
(/usr/local/texlive/2019/texmf-dist/tex/latex/ifsym/ifsym.sty
Package: ifsym 2000/04/18 I.Kloeckl

(/usr/local/texlive/2019/texmf-dist/tex/latex/tools/calc.sty
Package: calc 2017/05/25 v4.3 Infix arithmetic (KKT,FJ)
\calc@Acount=\count128
\calc@Bcount=\count129
\calc@Adimen=\dimen128
\calc@Bdimen=\dimen129
\calc@Askip=\skip55
\calc@Bskip=\skip56
LaTeX Info: Redefining \setlength on input line 80.
LaTeX Info: Redefining \addtolength on input line 81.
\calc@Ccount=\count130
\calc@Cskip=\skip57
)
\c@ifsymcnt=\count131
)
(/usr/local/texlive/2019/texmf-dist/tex/latex/marvosym/marvosym.sty
Package: marvosym 2011/07/20 v2.2 Martin Vogel's Symbols font definitions
)
(/usr/local/texlive/2019/texmf-dist/tex/latex/skak/skak.sty
Package: skak 2018/01/08 v1.5.3 Chess typesetting

(/usr/local/texlive/2019/texmf-dist/tex/latex/chessfss/chessfss.sty
Package: chessfss 2006/06/14 v1.2a chess font selection scheme

(/usr/local/texlive/2019/texmf-dist/tex/latex/xkeyval/xkeyval.sty
Package: xkeyval 2014/12/03 v2.7a package option processing (HA)

(/usr/local/texlive/2019/texmf-dist/tex/generic/xkeyval/xkeyval.tex
(/usr/local/texlive/2019/texmf-dist/tex/generic/xkeyval/xkvutils.tex
\XKV@toks=\toks32
\XKV@tempa@toks=\toks33
)
\XKV@depth=\count132
File: xkeyval.tex 2014/12/03 v2.7a key=value parser (HA)
))
(/usr/local/texlive/2019/texmf-dist/tex/latex/chessfss/lsbenc.def
File: lsbenc.def 2006/06/09 v1.2 Standard LaTeX file
Now handling font encoding LSB ...
... no UTF-8 mapping file for font encoding LSB
)
(/usr/local/texlive/2019/texmf-dist/tex/latex/chessfss/lsfenc.def
File: lsfenc.def 2006/06/09 v1.2 Standard LaTeX file
Now handling font encoding LSF ...
... no UTF-8 mapping file for font encoding LSF
)
(/usr/local/texlive/2019/texmf-dist/tex/latex/chessfss/lsienc.def
File: lsienc.def 2006/06/09 v1.2 Standard LaTeX file
Now handling font encoding LSI ...
... no UTF-8 mapping file for font encoding LSI
)
\len@cfss@squarewidth=\skip58
\len@cfss@squaretotalheight=\skip59
\len@cfss@squaredepth=\skip60
)
(/usr/local/texlive/2019/texmf-dist/tex/plain/lambda-lists/lambda.sty)
\c@fileFrom=\count133
\c@rankFrom=\count134
\c@fileTo=\count135
\c@rankTo=\count136
\c@ps@inverse=\count137
\c@ps@knightangle=\count138
\c@halfmove=\count139
\c@move=\count140
\c@helpgobble=\count141
\c@helpnumber=\count142
\c@helpnumberMove=\count143
\squarelength=\skip61
\square@multiplier=\count144
\ranklift=\skip62
LaTeX Font Info:    Try loading font information for LSB+skaknew on input line 
1774.

(/usr/local/texlive/2019/texmf-dist/tex/latex/chessfss/lsbskaknew.fd
File: lsbskaknew.fd 2006/03/31 v1.0 Chess font definitions
)
\store@toks=\toks34
)
(/usr/local/texlive/2019/texmf-dist/tex/generic/ulem/ulem.sty
\UL@box=\box36
\UL@hyphenbox=\box37
\UL@skip=\skip63
\UL@hook=\toks35
\UL@height=\dimen130
\UL@pe=\count145
\UL@pixel=\dimen131
\ULC@box=\box38
Package: ulem 2012/05/18
\ULdepth=\dimen132
)
(/usr/local/texlive/2019/texmf-dist/tex/latex/eurosym/eurosym.sty
Package: eurosym 1998/08/06 v1.1 European currency symbol ``Euro''
\@eurobox=\box39
)
(/usr/local/texlive/2019/texmf-dist/tex/latex/fancyhdr/fancyhdr.sty
Package: fancyhdr 2019/01/31 v3.10 Extensive control of page headers and footer
s
\f@nch@headwidth=\skip64
\f@nch@O@elh=\skip65
\f@nch@O@erh=\skip66
\f@nch@O@olh=\skip67
\f@nch@O@orh=\skip68
\f@nch@O@elf=\skip69
\f@nch@O@erf=\skip70
\f@nch@O@olf=\skip71
\f@nch@O@orf=\skip72
)
(/usr/local/texlive/2019/texmf-dist/tex/latex/tools/verbatim.sty
Package: verbatim 2014/10/28 v1.5q LaTeX2e package for verbatim enhancements
\every@verbatim=\toks36
\verbatim@line=\toks37
\verbatim@in@stream=\read1
)
(/usr/local/texlive/2019/texmf-dist/tex/latex/hyperref/hyperref.sty
Package: hyperref 2018/11/30 v6.88e Hypertext links for LaTeX

(/usr/local/texlive/2019/texmf-dist/tex/generic/oberdiek/hobsub-hyperref.sty
Package: hobsub-hyperref 2016/05/16 v1.14 Bundle oberdiek, subset hyperref (HO)


(/usr/local/texlive/2019/texmf-dist/tex/generic/oberdiek/hobsub-generic.sty
Package: hobsub-generic 2016/05/16 v1.14 Bundle oberdiek, subset generic (HO)
Package: hobsub 2016/05/16 v1.14 Construct package bundles (HO)
Package: infwarerr 2016/05/16 v1.4 Providing info/warning/error messages (HO)
Package: ltxcmds 2016/05/16 v1.23 LaTeX kernel commands for general use (HO)
Package: ifluatex 2016/05/16 v1.4 Provides the ifluatex switch (HO)
Package ifluatex Info: LuaTeX not detected.
Package hobsub Info: Skipping package `ifvtex' (already loaded).
Package: intcalc 2016/05/16 v1.2 Expandable calculations with integers (HO)
Package hobsub Info: Skipping package `ifpdf' (already loaded).
Package: etexcmds 2016/05/16 v1.6 Avoid name clashes with e-TeX commands (HO)
Package: kvsetkeys 2016/05/16 v1.17 Key value parser (HO)
Package: kvdefinekeys 2016/05/16 v1.4 Define keys (HO)
Package: pdftexcmds 2018/09/10 v0.29 Utility functions of pdfTeX for LuaTeX (HO
)
Package pdftexcmds Info: LuaTeX not detected.
Package pdftexcmds Info: \pdf@primitive is available.
Package pdftexcmds Info: \pdf@ifprimitive is available.
Package pdftexcmds Info: \pdfdraftmode found.
Package: pdfescape 2016/05/16 v1.14 Implements pdfTeX's escape features (HO)
Package: bigintcalc 2016/05/16 v1.4 Expandable calculations on big integers (HO
)
Package: bitset 2016/05/16 v1.2 Handle bit-vector datatype (HO)
Package: uniquecounter 2016/05/16 v1.3 Provide unlimited unique counter (HO)
)
Package hobsub Info: Skipping package `hobsub' (already loaded).
Package: letltxmacro 2016/05/16 v1.5 Let assignment for LaTeX macros (HO)
Package: hopatch 2016/05/16 v1.3 Wrapper for package hooks (HO)
Package: xcolor-patch 2016/05/16 xcolor patch
Package: atveryend 2016/05/16 v1.9 Hooks at the very end of document (HO)
Package atveryend Info: \enddocument detected (standard20110627).
Package: atbegshi 2016/06/09 v1.18 At begin shipout hook (HO)
Package: refcount 2016/05/16 v3.5 Data extraction from label references (HO)
Package: hycolor 2016/05/16 v1.8 Color options for hyperref/bookmark (HO)
)
(/usr/local/texlive/2019/texmf-dist/tex/latex/oberdiek/auxhook.sty
Package: auxhook 2016/05/16 v1.4 Hooks for auxiliary files (HO)
)
(/usr/local/texlive/2019/texmf-dist/tex/latex/oberdiek/kvoptions.sty
Package: kvoptions 2016/05/16 v3.12 Key value format for package options (HO)
)
\@linkdim=\dimen133
\Hy@linkcounter=\count146
\Hy@pagecounter=\count147

(/usr/local/texlive/2019/texmf-dist/tex/latex/hyperref/pd1enc.def
File: pd1enc.def 2018/11/30 v6.88e Hyperref: PDFDocEncoding definition (HO)
Now handling font encoding PD1 ...
... no UTF-8 mapping file for font encoding PD1
)
\Hy@SavedSpaceFactor=\count148

(/usr/local/texlive/2019/texmf-dist/tex/latex/latexconfig/hyperref.cfg
File: hyperref.cfg 2002/06/06 v1.2 hyperref configuration of TeXLive
)
Package hyperref Info: Option `bookmarks' set `true' on input line 4393.
Package hyperref Info: Option `bookmarksopen' set `true' on input line 4393.
Package hyperref Info: Option `colorlinks' set `true' on input line 4393.
Package hyperref Info: Hyper figures OFF on input line 4519.
Package hyperref Info: Link nesting OFF on input line 4524.
Package hyperref Info: Hyper index ON on input line 4527.
Package hyperref Info: Plain pages OFF on input line 4534.
Package hyperref Info: Backreferencing OFF on input line 4539.
Package hyperref Info: Implicit mode ON; LaTeX internals redefined.
Package hyperref Info: Bookmarks ON on input line 4772.
\c@Hy@tempcnt=\count149

(/usr/local/texlive/2019/texmf-dist/tex/latex/url/url.sty
\Urlmuskip=\muskip11
Package: url 2013/09/16  ver 3.4  Verb mode for urls, etc.
)
LaTeX Info: Redefining \url on input line 5125.
\XeTeXLinkMargin=\dimen134
\Fld@menulength=\count150
\Field@Width=\dimen135
\Fld@charsize=\dimen136
Package hyperref Info: Hyper figures OFF on input line 6380.
Package hyperref Info: Link nesting OFF on input line 6385.
Package hyperref Info: Hyper index ON on input line 6388.
Package hyperref Info: backreferencing OFF on input line 6395.
Package hyperref Info: Link coloring ON on input line 6398.
Package hyperref Info: Link coloring with OCG OFF on input line 6405.
Package hyperref Info: PDF/A mode OFF on input line 6410.
LaTeX Info: Redefining \ref on input line 6450.
LaTeX Info: Redefining \pageref on input line 6454.
\Hy@abspage=\count151
\c@Item=\count152
\c@Hfootnote=\count153
)
Package hyperref Info: Driver: hpdftex.

(/usr/local/texlive/2019/texmf-dist/tex/latex/hyperref/hpdftex.def
File: hpdftex.def 2018/11/30 v6.88e Hyperref driver for pdfTeX
\Fld@listcount=\count154
\c@bookmark@seq@number=\count155

(/usr/local/texlive/2019/texmf-dist/tex/latex/oberdiek/rerunfilecheck.sty
Package: rerunfilecheck 2016/05/16 v1.8 Rerun checks for auxiliary files (HO)
Package uniquecounter Info: New unique counter `rerunfilecheck' on input line 2
82.
)
\Hy@SectionHShift=\skip73
)
Package hyperref Info: Option `colorlinks' set `true' on input line 180.

(/usr/local/texlive/2019/texmf-dist/tex/latex/nomencl/nomencl.sty
Package: nomencl 2019/05/05 v5.2 Nomenclature package

(/usr/local/texlive/2019/texmf-dist/tex/latex/koma-script/tocbasic.sty
Package: tocbasic 2019/02/01 v3.26b KOMA-Script package (handling toc-files)

(/usr/local/texlive/2019/texmf-dist/tex/latex/koma-script/scrbase.sty
Package: scrbase 2019/02/01 v3.26b KOMA-Script package (KOMA-Script-independent
 basics and keyval usage)

(/usr/local/texlive/2019/texmf-dist/tex/latex/koma-script/scrlfile.sty
Package: scrlfile 2019/02/01 v3.26b KOMA-Script package (loading files)
))
\scr@dte@tocline@numberwidth=\skip74
\scr@dte@tocline@numbox=\box40
)
Package tocbasic Info: setting babel extension for `nlo' on input line 155.
Package tocbasic Info: setting babel extension for `nls' on input line 156.
\nomlabelwidth=\dimen137
\nom@tempdim=\dimen138
\nomitemsep=\skip75
)
\@nomenclaturefile=\write3
\openout3 = `data-structures_n_algor.nlo'.

Package nomencl Info: Writing nomenclature file data-structures_n_algor.nlo on 
input line 210.

(/usr/local/texlive/2019/texmf-dist/tex/latex/pdfpages/pdfpages.sty
Package: pdfpages 2017/10/31 v0.5l Insert pages of external PDF documents (AM)

(/usr/local/texlive/2019/texmf-dist/tex/latex/eso-pic/eso-pic.sty
Package: eso-pic 2018/04/12 v2.0h eso-pic (RN)

(/usr/local/texlive/2019/texmf-dist/tex/latex/xcolor/xcolor.sty
Package: xcolor 2016/05/11 v2.12 LaTeX color extensions (UK)

(/usr/local/texlive/2019/texmf-dist/tex/latex/graphics-cfg/color.cfg
File: color.cfg 2016/01/02 v1.6 sample color configuration
)
Package xcolor Info: Driver file: pdftex.def on input line 225.
Package xcolor Info: Model `cmy' substituted by `cmy0' on input line 1348.
Package xcolor Info: Model `hsb' substituted by `rgb' on input line 1352.
Package xcolor Info: Model `RGB' extended on input line 1364.
Package xcolor Info: Model `HTML' substituted by `rgb' on input line 1366.
Package xcolor Info: Model `Hsb' substituted by `hsb' on input line 1367.
Package xcolor Info: Model `tHsb' substituted by `hsb' on input line 1368.
Package xcolor Info: Model `HSB' substituted by `hsb' on input line 1369.
Package xcolor Info: Model `Gray' substituted by `gray' on input line 1370.
Package xcolor Info: Model `wave' substituted by `hsb' on input line 1371.
))
\AM@pagewidth=\dimen139
\AM@pageheight=\dimen140

(/usr/local/texlive/2019/texmf-dist/tex/latex/pdfpages/pppdftex.def
File: pppdftex.def 2017/10/31 v0.5l Pdfpages driver for pdfTeX (AM)
)
\AM@pagebox=\box41
\AM@global@opts=\toks38
\AM@toc@title=\toks39
\c@AM@survey=\count156
\AM@templatesizebox=\box42
)
(/usr/local/texlive/2019/texmf-dist/tex/latex/graphics/rotating.sty
Package: rotating 2016/08/11 v2.16d rotated objects in LaTeX
\c@r@tfl@t=\count157
\rotFPtop=\skip76
\rotFPbot=\skip77
\rot@float@box=\box43
\rot@mess@toks=\toks40
)
(/usr/local/texlive/2019/texmf-dist/tex/latex/subfig/subfig.sty
Package: subfig 2005/06/28 ver: 1.3 subfig package

(/usr/local/texlive/2019/texmf-dist/tex/latex/caption/caption.sty
Package: caption 2018/10/06 v3.3-154 Customizing captions (AR)

(/usr/local/texlive/2019/texmf-dist/tex/latex/caption/caption3.sty
Package: caption3 2018/09/12 v1.8c caption3 kernel (AR)
Package caption3 Info: TeX engine: e-TeX on input line 64.
\captionmargin=\dimen141
\captionmargin@=\dimen142
\captionwidth=\dimen143
\caption@tempdima=\dimen144
\caption@indent=\dimen145
\caption@parindent=\dimen146
\caption@hangindent=\dimen147
)
\c@caption@flags=\count158
\c@ContinuedFloat=\count159
Package caption Info: float package is loaded.
Package caption Info: hyperref package is loaded.
Package caption Info: listings package is loaded.
Package caption Info: rotating package is loaded.
)
\c@KVtest=\count160
\sf@farskip=\skip78
\sf@captopadj=\dimen148
\sf@capskip=\skip79
\sf@nearskip=\skip80
\c@subfigure=\count161
\c@subfigure@save=\count162
\c@lofdepth=\count163
\c@subtable=\count164
\c@subtable@save=\count165
\c@lotdepth=\count166
\sf@top=\skip81
\sf@bottom=\skip82
)
(/usr/local/texlive/2019/texmf-dist/tex/latex/wrapfig/wrapfig.sty
\wrapoverhang=\dimen149
\WF@size=\dimen150
\c@WF@wrappedlines=\count167
\WF@box=\box44
\WF@everypar=\toks41
Package: wrapfig 2003/01/31  v 3.6
)
(/usr/local/texlive/2019/texmf-dist/tex/latex/base/fontenc.sty
Package: fontenc 2018/08/11 v2.0j Standard LaTeX package

(/usr/local/texlive/2019/texmf-dist/tex/latex/base/t1enc.def
File: t1enc.def 2018/08/11 v2.0j Standard LaTeX file
LaTeX Font Info:    Redeclaring font encoding T1 on input line 48.
))
(/usr/local/texlive/2019/texmf-dist/tex/latex/base/inputenc.sty
Package: inputenc 2018/08/11 v1.3c Input encoding file
\inpenc@prehook=\toks42
\inpenc@posthook=\toks43
)
(/usr/local/texlive/2019/texmf-dist/tex/latex/lm/lmodern.sty
Package: lmodern 2009/10/30 v1.6 Latin Modern Fonts
LaTeX Font Info:    Overwriting symbol font `operators' in version `normal'
(Font)                  OT1/cmr/m/n --> OT1/lmr/m/n on input line 22.
LaTeX Font Info:    Overwriting symbol font `letters' in version `normal'
(Font)                  OML/cmm/m/it --> OML/lmm/m/it on input line 23.
LaTeX Font Info:    Overwriting symbol font `symbols' in version `normal'
(Font)                  OMS/cmsy/m/n --> OMS/lmsy/m/n on input line 24.
LaTeX Font Info:    Overwriting symbol font `largesymbols' in version `normal'
(Font)                  OMX/cmex/m/n --> OMX/lmex/m/n on input line 25.
LaTeX Font Info:    Overwriting symbol font `operators' in version `bold'
(Font)                  OT1/cmr/bx/n --> OT1/lmr/bx/n on input line 26.
LaTeX Font Info:    Overwriting symbol font `letters' in version `bold'
(Font)                  OML/cmm/b/it --> OML/lmm/b/it on input line 27.
LaTeX Font Info:    Overwriting symbol font `symbols' in version `bold'
(Font)                  OMS/cmsy/b/n --> OMS/lmsy/b/n on input line 28.
LaTeX Font Info:    Overwriting symbol font `largesymbols' in version `bold'
(Font)                  OMX/cmex/m/n --> OMX/lmex/m/n on input line 29.
LaTeX Font Info:    Overwriting math alphabet `\mathbf' in version `normal'
(Font)                  OT1/cmr/bx/n --> OT1/lmr/bx/n on input line 31.
LaTeX Font Info:    Overwriting math alphabet `\mathsf' in version `normal'
(Font)                  OT1/cmss/m/n --> OT1/lmss/m/n on input line 32.
LaTeX Font Info:    Overwriting math alphabet `\mathit' in version `normal'
(Font)                  OT1/cmr/m/it --> OT1/lmr/m/it on input line 33.
LaTeX Font Info:    Overwriting math alphabet `\mathtt' in version `normal'
(Font)                  OT1/cmtt/m/n --> OT1/lmtt/m/n on input line 34.
LaTeX Font Info:    Overwriting math alphabet `\mathbf' in version `bold'
(Font)                  OT1/cmr/bx/n --> OT1/lmr/bx/n on input line 35.
LaTeX Font Info:    Overwriting math alphabet `\mathsf' in version `bold'
(Font)                  OT1/cmss/bx/n --> OT1/lmss/bx/n on input line 36.
LaTeX Font Info:    Overwriting math alphabet `\mathit' in version `bold'
(Font)                  OT1/cmr/bx/it --> OT1/lmr/bx/it on input line 37.
LaTeX Font Info:    Overwriting math alphabet `\mathtt' in version `bold'
(Font)                  OT1/cmtt/m/n --> OT1/lmtt/m/n on input line 38.
))
(/usr/local/texlive/2019/texmf-dist/tex/latex/mathtools/mathtools.sty
Package: mathtools 2018/01/08 v1.21 mathematical typesetting tools

(/usr/local/texlive/2019/texmf-dist/tex/latex/mathtools/mhsetup.sty
Package: mhsetup 2017/03/31 v1.3 programming setup (MH)
)
LaTeX Info: Thecontrolsequence`\('isalreadyrobust on input line 129.
LaTeX Info: Thecontrolsequence`\)'isalreadyrobust on input line 129.
LaTeX Info: Thecontrolsequence`\['isalreadyrobust on input line 129.
LaTeX Info: Thecontrolsequence`\]'isalreadyrobust on input line 129.
\g_MT_multlinerow_int=\count168
\l_MT_multwidth_dim=\dimen151
\origjot=\skip83
\l_MT_shortvdotswithinadjustabove_dim=\dimen152
\l_MT_shortvdotswithinadjustbelow_dim=\dimen153
\l_MT_above_intertext_sep=\dimen154
\l_MT_below_intertext_sep=\dimen155
\l_MT_above_shortintertext_sep=\dimen156
\l_MT_below_shortintertext_sep=\dimen157
)
(/usr/local/texlive/2019/texmf-dist/tex/latex/lkproof/proof.sty
\inferLineSkip=\dimen158
\inferLabelSkip=\dimen159
\@LeftOffset=\dimen160
\@RightOffset=\dimen161
\@SavedLeftOffset=\dimen162
\UpperWidth=\dimen163
\LowerWidth=\dimen164
\LowerHeight=\dimen165
\UpperLeftOffset=\dimen166
\UpperRightOffset=\dimen167
\UpperCenter=\dimen168
\LowerCenter=\dimen169
\UpperAdjust=\dimen170
\RuleAdjust=\dimen171
\LowerAdjust=\dimen172
\RuleWidth=\dimen173
\HLabelAdjust=\dimen174
\VLabelAdjust=\dimen175
\WidthAdjust=\dimen176
\@UpperPart=\box45
\@LowerPart=\box46
\@LabelPart=\box47
\ResultBox=\box48
)
(/usr/local/texlive/2019/texmf-dist/tex/latex/stackengine/stackengine.sty
Package: stackengine 2017/02/13 v4.01\ Stacking text and objects in convenient 
ways

(/usr/local/texlive/2019/texmf-dist/tex/latex/etoolbox/etoolbox.sty
Package: etoolbox 2018/08/19 v2.5f e-TeX tools for LaTeX (JAW)
\etb@tempcnta=\count169
)
(/usr/local/texlive/2019/texmf-dist/tex/generic/listofitems/listofitems.sty
(/usr/local/texlive/2019/texmf-dist/tex/generic/listofitems/listofitems.tex
\loi_cnt_foreach_nest=\count170
\loi_nestcnt=\count171
)
Package: listofitems 2019/05/18 v1.62 Grab items in lists using user-specified 
sep char (CT)
)
\c@@stackindex=\count172
\@boxshift=\skip84
\stack@tmplength=\skip85
\temp@stkl=\skip86
\@stackedboxwidth=\skip87
\@addedbox=\box49
\@anchorbox=\box50
\stackedbox=\box51
\@centerbox=\box52
\c@ROWcellindex@=\count173
)
(/usr/local/texlive/2019/texmf-dist/tex/latex/scalerel/scalerel.sty
Package: scalerel 2016/12/29 v1.8 Routines for constrained scaling and stretchi
ng of objects, relative to a reference object or in absolute terms
\thesrwidth=\skip88
\thesrheight=\skip89
\srblobheight=\skip90
\srblobdepth=\skip91
\mnxsrwidth=\skip92
\LMex=\skip93
\LMpt=\skip94
)
(./data-structures_n_algor.aux)
\openout1 = `data-structures_n_algor.aux'.

LaTeX Font Info:    Checking defaults for OML/cmm/m/it on input line 65.
LaTeX Font Info:    ... okay on input line 65.
LaTeX Font Info:    Checking defaults for T1/cmr/m/n on input line 65.
LaTeX Font Info:    ... okay on input line 65.
LaTeX Font Info:    Checking defaults for OT1/cmr/m/n on input line 65.
LaTeX Font Info:    ... okay on input line 65.
LaTeX Font Info:    Checking defaults for OMS/cmsy/m/n on input line 65.
LaTeX Font Info:    ... okay on input line 65.
LaTeX Font Info:    Checking defaults for OMX/cmex/m/n on input line 65.
LaTeX Font Info:    ... okay on input line 65.
LaTeX Font Info:    Checking defaults for U/cmr/m/n on input line 65.
LaTeX Font Info:    ... okay on input line 65.
LaTeX Font Info:    Checking defaults for T3/cmr/m/n on input line 65.
LaTeX Font Info:    Try loading font information for T3+cmr on input line 65.

(/usr/local/texlive/2019/texmf-dist/tex/latex/tipa/t3cmr.fd
File: t3cmr.fd 2001/12/31 TIPA font definitions
)
LaTeX Font Info:    ... okay on input line 65.
LaTeX Font Info:    Checking defaults for TS1/cmr/m/n on input line 65.
LaTeX Font Info:    Try loading font information for TS1+cmr on input line 65.

(/usr/local/texlive/2019/texmf-dist/tex/latex/base/ts1cmr.fd
File: ts1cmr.fd 2014/09/29 v2.5h Standard LaTeX font definitions
)
LaTeX Font Info:    ... okay on input line 65.
LaTeX Font Info:    Checking defaults for LSB/skaknew/m/n on input line 65.
LaTeX Font Info:    ... okay on input line 65.
LaTeX Font Info:    Checking defaults for LSF/skaknew/m/n on input line 65.
LaTeX Font Info:    Try loading font information for LSF+skaknew on input line 
65.

(/usr/local/texlive/2019/texmf-dist/tex/latex/chessfss/lsfskaknew.fd
File: lsfskaknew.fd 2006/03/31 v1.0 Chess font definitions
)
LaTeX Font Info:    ... okay on input line 65.
LaTeX Font Info:    Checking defaults for LSI/skaknew/m/n on input line 65.
LaTeX Font Info:    Try loading font information for LSI+skaknew on input line 
65.

(/usr/local/texlive/2019/texmf-dist/tex/latex/chessfss/lsiskaknew.fd
File: lsiskaknew.fd 2006/03/31 v1.0 Chess font definitions
)
LaTeX Font Info:    ... okay on input line 65.
LaTeX Font Info:    Checking defaults for PD1/pdf/m/n on input line 65.
LaTeX Font Info:    ... okay on input line 65.
LaTeX Font Info:    Try loading font information for T1+lmr on input line 65.

(/usr/local/texlive/2019/texmf-dist/tex/latex/lm/t1lmr.fd
File: t1lmr.fd 2009/10/30 v1.6 Font defs for Latin Modern
)
(/usr/local/texlive/2019/texmf-dist/tex/context/base/mkii/supp-pdf.mkii
[Loading MPS to PDF converter (version 2006.09.02).]
\scratchcounter=\count174
\scratchdimen=\dimen177
\scratchbox=\box53
\nofMPsegments=\count175
\nofMParguments=\count176
\everyMPshowfont=\toks44
\MPscratchCnt=\count177
\MPscratchDim=\dimen178
\MPnumerator=\count178
\makeMPintoPDFobject=\count179
\everyMPtoPDFconversion=\toks45
) (/usr/local/texlive/2019/texmf-dist/tex/latex/oberdiek/epstopdf-base.sty
Package: epstopdf-base 2016/05/15 v2.6 Base part for package epstopdf

(/usr/local/texlive/2019/texmf-dist/tex/latex/oberdiek/grfext.sty
Package: grfext 2016/05/16 v1.2 Manage graphics extensions (HO)
)
Package epstopdf-base Info: Redefining graphics rule for `.eps' on input line 4
38.
Package grfext Info: Graphics extension search list:
(grfext)             [.pdf,.png,.jpg,.mps,.jpeg,.jbig2,.jb2,.PDF,.PNG,.JPG,.JPE
G,.JBIG2,.JB2,.eps]
(grfext)             \AppendGraphicsExtensions on input line 456.

(/usr/local/texlive/2019/texmf-dist/tex/latex/latexconfig/epstopdf-sys.cfg
File: epstopdf-sys.cfg 2010/07/13 v1.3 Configuration of (r)epstopdf for TeX Liv
e
))
*geometry* driver: auto-detecting
*geometry* detected driver: pdftex
*geometry* verbose mode - [ preamble ] result:
* driver: pdftex
* paper: letterpaper
* layout: <same size as paper>
* layoutoffset:(h,v)=(0.0pt,0.0pt)
* modes: 
* h-part:(L,W,R)=(42.67912pt, 528.93675pt, 42.67912pt)
* v-part:(T,H,B)=(42.67912pt, 695.38536pt, 56.9055pt)
* \paperwidth=614.295pt
* \paperheight=794.96999pt
* \textwidth=528.93675pt
* \textheight=695.38536pt
* \oddsidemargin=-29.59087pt
* \evensidemargin=-29.59087pt
* \topmargin=-66.59087pt
* \headheight=15.2pt
* \headsep=25.0pt
* \topskip=12.0pt
* \footskip=30.0pt
* \marginparwidth=44.0pt
* \marginparsep=10.0pt
* \columnsep=10.0pt
* \skip\footins=10.8pt plus 4.0pt minus 2.0pt
* \hoffset=0.0pt
* \voffset=0.0pt
* \mag=1000
* \@twocolumnfalse
* \@twosidefalse
* \@mparswitchfalse
* \@reversemarginfalse
* (1in=72.27pt=25.4mm, 1cm=28.453pt)

\c@lstlisting=\count180
\AtBeginShipoutBox=\box54
Package hyperref Info: Link coloring ON on input line 65.
(/usr/local/texlive/2019/texmf-dist/tex/latex/hyperref/nameref.sty
Package: nameref 2016/05/21 v2.44 Cross-referencing by name of section

(/usr/local/texlive/2019/texmf-dist/tex/generic/oberdiek/gettitlestring.sty
Package: gettitlestring 2016/05/16 v1.5 Cleanup title references (HO)
)
\c@section@level=\count181
)
LaTeX Info: Redefining \ref on input line 65.
LaTeX Info: Redefining \pageref on input line 65.
LaTeX Info: Redefining \nameref on input line 65.

(./data-structures_n_algor.out) (./data-structures_n_algor.out)
\@outlinefile=\write4
\openout4 = `data-structures_n_algor.out'.


(/usr/local/texlive/2019/texmf-dist/tex/latex/oberdiek/pdflscape.sty
Package: pdflscape 2016/05/14 v0.11 Display of landscape pages in PDF (HO)

(/usr/local/texlive/2019/texmf-dist/tex/latex/graphics/lscape.sty
Package: lscape 2000/10/22 v3.01 Landscape Pages (DPC)
)
Package pdflscape Info: Auto-detected driver: pdftex on input line 81.
)
Package caption Info: Begin \AtBeginDocument code.
Package caption Info: subfig package v1.3 is loaded.
Package caption Info: wrapfig package is loaded.
Package caption Info: End \AtBeginDocument code.

(./others/list_of_colors.def)
LaTeX Font Info:    Try loading font information for OT1+lmr on input line 123.


(/usr/local/texlive/2019/texmf-dist/tex/latex/lm/ot1lmr.fd
File: ot1lmr.fd 2009/10/30 v1.6 Font defs for Latin Modern
)
LaTeX Font Info:    Try loading font information for OML+lmm on input line 123.


(/usr/local/texlive/2019/texmf-dist/tex/latex/lm/omllmm.fd
File: omllmm.fd 2009/10/30 v1.6 Font defs for Latin Modern
)
LaTeX Font Info:    Try loading font information for OMS+lmsy on input line 123
.

(/usr/local/texlive/2019/texmf-dist/tex/latex/lm/omslmsy.fd
File: omslmsy.fd 2009/10/30 v1.6 Font defs for Latin Modern
)
LaTeX Font Info:    Try loading font information for OMX+lmex on input line 123
.

(/usr/local/texlive/2019/texmf-dist/tex/latex/lm/omxlmex.fd
File: omxlmex.fd 2009/10/30 v1.6 Font defs for Latin Modern
)
LaTeX Font Info:    External font `lmex10' loaded for size
(Font)              <14.4> on input line 123.
LaTeX Font Info:    External font `lmex10' loaded for size
(Font)              <10> on input line 123.
LaTeX Font Info:    External font `lmex10' loaded for size
(Font)              <7> on input line 123.
LaTeX Font Info:    Try loading font information for U+msa on input line 123.

(/usr/local/texlive/2019/texmf-dist/tex/latex/amsfonts/umsa.fd
File: umsa.fd 2013/01/14 v3.01 AMS symbols A
)
LaTeX Font Info:    Try loading font information for U+msb on input line 123.

(/usr/local/texlive/2019/texmf-dist/tex/latex/amsfonts/umsb.fd
File: umsb.fd 2013/01/14 v3.01 AMS symbols B
)
LaTeX Font Info:    External font `lmex10' loaded for size
(Font)              <10.95> on input line 123.
LaTeX Font Info:    External font `lmex10' loaded for size
(Font)              <8> on input line 123.
LaTeX Font Info:    External font `lmex10' loaded for size
(Font)              <6> on input line 123.
LaTeX Font Info:    Try loading font information for U+mvs on input line 123.

(/usr/local/texlive/2019/texmf-dist/tex/latex/marvosym/umvs.fd) [1

{/usr/local/texlive/2019/texmf-var/fonts/map/pdftex/updmap/pdftex.map}]
Underfull \hbox (badness 10000) in paragraph at lines 130--131

 []


Underfull \hbox (badness 10000) in paragraph at lines 132--133

 []


Underfull \hbox (badness 10000) in paragraph at lines 134--135

 []


Underfull \hbox (badness 10000) in paragraph at lines 136--137

 []


Underfull \hbox (badness 10000) in paragraph at lines 138--139

 []


Underfull \hbox (badness 10000) in paragraph at lines 140--141

 []


Underfull \hbox (badness 10000) in paragraph at lines 142--146

 []


Underfull \hbox (badness 10000) in paragraph at lines 142--146

 []

pdfTeX warning (ext4): destination with the same identifier (name{page.1}) has 
been already used, duplicate ignored
<to be read again> 
                   \relax 
l.146 \end{abstract}
                     [1] (./others/revision_history.tex) [1

]
(./data-structures_n_algor.toc
LaTeX Font Info:    External font `lmex10' loaded for size
(Font)              <12> on input line 3.
 [2

])
\tf@toc=\write5
\openout5 = `data-structures_n_algor.toc'.

 [3] (./algor/algorithms.tex
Chapter 1.

Underfull \hbox (badness 10000) in paragraph at lines 24--25

 []

LaTeX Font Info:    Try loading font information for T1+lmtt on input line 32.
(/usr/local/texlive/2019/texmf-dist/tex/latex/lm/t1lmtt.fd
File: t1lmtt.fd 2009/10/30 v1.6 Font defs for Latin Modern
)
LaTeX Font Info:    Font shape `T1/lmtt/bx/n' in size <12> not available
(Font)              Font shape `T1/lmtt/b/n' tried instead on input line 32.
pdfTeX warning (ext4): destination with the same identifier (name{page.1}) has 
been already used, duplicate ignored
<to be read again> 
                   \relax 
l.87 \section
             {Resources for Algorithms} [1

]
Overfull \hbox (12.46811pt too wide) in paragraph at lines 94--95
[]\T1/lmr/m/n/12 ``The Stony Brook Al-go-rithm Repos-i-tory'' by Steven Skiena 
[[][]193[][]]: [][]$\T1/lmtt/m/n/12 http : / / algorist . com / algorist .
 []

) (./data_structures/data_structures.tex [2]
Chapter 2.

Underfull \hbox (badness 10000) in paragraph at lines 34--35

 []


Underfull \hbox (badness 10000) in paragraph at lines 36--37

 []

(./data_structures/graph.tex
Underfull \hbox (badness 10000) in paragraph at lines 27--28

 []


Underfull \hbox (badness 10000) in paragraph at lines 29--30

 []

[3

]
LaTeX Font Info:    Try loading font information for TS1+lmr on input line 47.
 (/usr/local/texlive/2019/texmf-dist/tex/latex/lm/ts1lmr.fd
File: ts1lmr.fd 2009/10/30 v1.6 Font defs for Latin Modern
)
Overfull \hbox (12.51347pt too wide) in paragraph at lines 52--53
[]\T1/lmr/m/n/12 Does the fol-low-ing ref-er-ence suf-fice \T1/lmr/bx/n/12 for 
all con-di-tions\T1/lmr/m/n/12 ? [][]$\T1/lmtt/m/n/12 http : / / jgaa . info / 
accepted /
 []

[4] [5] [6] [7] [8]
Overfull \hbox (4.26259pt too wide) in paragraph at lines 248--249
[]\T1/lmr/bx/n/12 Multidimensional net-work \T1/lmr/m/n/12 [[][]230[][]]: [][]$
\T1/lmtt/m/n/12 https : / / en . wikipedia . org / wiki / Multidimensional _
 []


Overfull \hbox (25.34761pt too wide) in paragraph at lines 250--251
[]\T1/lmr/bx/n/12 Temporal net-work\T1/lmr/m/n/12 , or \T1/lmr/bx/n/12 time-var
ying net-work\T1/lmr/m/n/12 : [][]$\T1/lmtt/m/n/12 https : / / en . wikipedia .
 org / wiki / Temporal _
 []

[9]
Underfull \hbox (badness 10000) in paragraph at lines 285--286

 []


Underfull \hbox (badness 10000) in paragraph at lines 287--288

 []


Overfull \hbox (0.99698pt too wide) in paragraph at lines 292--293
\T1/lmtt/m/n/12 en . wikipedia . org / wiki / Dense _ graph$[][]\T1/lmr/m/n/12 
. Also, see [][]$\T1/lmtt/m/n/12 https : / / en . wikipedia . org / wiki / Dens
e _ subgraph$[][]
 []


Underfull \hbox (badness 10000) in paragraph at lines 292--293

 []


Underfull \hbox (badness 10000) in paragraph at lines 294--295

 []

[10]
Underfull \hbox (badness 10000) in paragraph at lines 360--361

 []


Underfull \hbox (badness 10000) in paragraph at lines 363--365

 []

[11] [12] [13] [14] [15] [16] [17] [18] [19] [20]
Overfull \hbox (37.49538pt too wide) in paragraph at lines 804--805
[]\T1/lmr/bx/n/12 Bellman-Ford al-go-rithm \T1/lmr/m/n/12 (or, \T1/lmr/bx/n/12 
Bellman-Ford-Moore al-go-rithm\T1/lmr/m/n/12 ): [][]$\T1/lmtt/m/n/12 https : / 
/ en . wikipedia .
 []


Overfull \hbox (28.19597pt too wide) in paragraph at lines 805--806
[]\T1/lmr/bx/n/12 Ford-Fulkerson al-go-rithm (FFA)\T1/lmr/m/n/12 , or \T1/lmr/b
x/n/12 Ford-Fulkerson method\T1/lmr/m/n/12 : [][]$\T1/lmtt/m/n/12 https : / / e
n . wikipedia .
 []

[21] [22]
Overfull \hbox (21.96764pt too wide) in paragraph at lines 886--887
[]\T1/lmr/bx/n/12 max-flow min-cut the-o-rem\T1/lmr/m/n/12 : [][]$\T1/lmtt/m/n/
12 https : / / en . wikipedia . org / wiki / Max-[]flow _ min-[]cut _ theorem$[
][] 
 []


Overfull \hbox (13.70074pt too wide) in paragraph at lines 887--888
[]\T1/lmr/bx/n/12 minimum-cost flow prob-lem (MCFP)\T1/lmr/m/n/12 : [][]$\T1/lm
tt/m/n/12 https : / / en . wikipedia . org / wiki / Minimum-[]cost _
 []

[23]
Overfull \hbox (34.99174pt too wide) in paragraph at lines 938--939
\T1/lmr/bx/n/17.28 du-al-i-ties\T1/lmr/m/n/12 : [][]$\T1/lmtt/m/n/12 https : / 
/ en . wikipedia . org / wiki / Linear _ programming # Covering / packing _
 []


Overfull \hbox (30.58757pt too wide) in paragraph at lines 944--945
[]\T1/lmr/bx/n/12 independent set prob-lem\T1/lmr/m/n/12 , and \T1/lmr/bx/n/12 
max-i-mum in-de-pen-dent set\T1/lmr/m/n/12 : [][]$\T1/lmtt/m/n/12 https : / / e
n . wikipedia .
 []

[24]
Underfull \hbox (badness 10000) in paragraph at lines 1022--1023

 []

[25]
Overfull \hbox (14.54733pt too wide) in paragraph at lines 1101--1102
[]\T1/lmr/bx/n/12 Homeomorphism\T1/lmr/m/n/12 : [][]$\T1/lmtt/m/n/12 https : / 
/ en . wikipedia . org / wiki / Homeomorphism _ (graph _ theory )
 []


Overfull \hbox (7.32706pt too wide) in paragraph at lines 1112--1113
[]\T1/lmr/bx/n/12 Interdependent net-works\T1/lmr/m/n/12 : [][]$\T1/lmtt/m/n/12
 https : / / en . wikipedia . org / wiki / Interdependent _ networks$[][] 
 []

[26]
Overfull \hbox (46.71861pt too wide) in paragraph at lines 1132--1133
[]\T1/lmr/m/n/12 The \T1/lmr/m/it/12 GraphEx-cep-tion \T1/lmr/m/n/12 class is a
 child class of the Ex-cep-tion class. See [][]$\T1/lmtt/m/n/12 https : / / git
hub . com / eda-[]ricercatore /
 []


Overfull \hbox (9.30283pt too wide) in paragraph at lines 1186--1187
[]\T1/lmr/m/n/12 ``Used in the con-text of con-cur-rency con-trol in databases'
'; see [][]$\T1/lmtt/m/n/12 https : / / en . wikipedia .
 []

[27]
Overfull \hbox (2.8676pt too wide) in paragraph at lines 1282--1283
[]\T1/lmr/bx/n/12 Gallery of named graphs\T1/lmr/m/n/12 : [][]$\T1/lmtt/m/n/12 
https : / / en . wikipedia . org / wiki / Gallery _ of _ named _ graphs$[][] 
 []


Overfull \hbox (1.05757pt too wide) in paragraph at lines 1283--1284
[]\T1/lmr/bx/n/12 List of graph the-ory top-ics\T1/lmr/m/n/12 : [][]$\T1/lmtt/m
/n/12 https : / / en . wikipedia . org / wiki / List _ of _ graph _ theory _
 []


Overfull \hbox (9.98303pt too wide) in paragraph at lines 1284--1285
[]\T1/lmr/bx/n/12 Glossary of graph the-ory terms\T1/lmr/m/n/12 : [][]$\T1/lmtt
/m/n/12 https : / / en . wikipedia . org / wiki / Glossary _ of _ graph _
 []

) [28]) (./optimization/optimization.tex [29]
Chapter 3.

Underfull \hbox (badness 10000) in paragraph at lines 28--29

 []


Underfull \hbox (badness 10000) in paragraph at lines 45--46

 []


Underfull \hbox (badness 10000) in paragraph at lines 47--48

 []


Underfull \hbox (badness 10000) in paragraph at lines 49--50

 []

[30

]
Underfull \hbox (badness 10000) in paragraph at lines 104--105

 []

[31]
Overfull \hbox (7.34369pt too wide) in paragraph at lines 168--169
[]\T1/lmr/m/n/12 Its tech-ni-cal doc-u-men-ta-tion can be found at: [][]$\T1/lm
tt/m/n/12 http : / / www . localsolver . com / documentation /
 []

[32]) (./numerical_comp/numerical_comp.tex [33]
Chapter 4.

Underfull \hbox (badness 10000) in paragraph at lines 38--48

 []


Underfull \hbox (badness 10000) in paragraph at lines 38--48

 []


Underfull \hbox (badness 10000) in paragraph at lines 53--56

 []


Underfull \hbox (badness 10000) in paragraph at lines 53--56

 []

[34

]
Underfull \hbox (badness 10000) in paragraph at lines 127--129

 []


Underfull \hbox (badness 10000) in paragraph at lines 127--129

 []

) (./statistics/statistical_comp.tex [35]
Chapter 5.
) (./cpp_resources/cpp_resources.tex [36

]
Chapter 6.

Overfull \hbox (20.3734pt too wide) in paragraph at lines 23--24
\T1/lmr/m/n/12 Quick ad-vice: \T1/lmtt/m/n/12 Learn how to use \T1/lmr/m/it/12 
C++1y \T1/lmtt/m/n/12 features, including those of C++11, C++14, and C++17.
 []


Underfull \hbox (badness 10000) in paragraph at lines 23--24

 []


Underfull \hbox (badness 10000) in paragraph at lines 25--26

 []


Underfull \hbox (badness 10000) in paragraph at lines 27--29

 []


Underfull \hbox (badness 10000) in paragraph at lines 27--29

 []

[37

] [38] [39] [40] [41] [42]
Overfull \hbox (39.2348pt too wide) in paragraph at lines 315--316
\T1/lmr/m/it/12 C++ \T1/lmtt/m/n/12 template definition and implementation sepa
rately into different files,
 []


Overfull \hbox (37.53482pt too wide) in paragraph at lines 315--316
\T1/lmtt/m/n/12 and keeps things modular in my software architecture. It preven
ts templates
 []

[43] [44] [45] [46]
Overfull \hbox (252.02818pt too wide) in paragraph at lines 496--497
[][][]$\T1/lmtt/m/n/12 http : / / stackoverflow . com / questions / 1143262 / w
hat-[]is-[]the-[]difference-[]between-[]const-[]int-[]const-[]int-[]const-[]and
-[]int-[]const$[][]
 []

[47]
Overfull \hbox (20.27704pt too wide) in paragraph at lines 590--591
\T1/lmr/m/n/12 Wisconsin-Madison, Madi-son, WI. Avail-able on-line at: [][]$\T1
/lmtt/m/n/12 http : / / pages . cs . wisc . edu / ~driscoll /
 []

[48] [49]
Underfull \hbox (badness 10000) in paragraph at lines 669--670

 []


Overfull \hbox (31.64967pt too wide) in paragraph at lines 676--699
 [] 
 []

[50]
Overfull \hbox (0.14552pt too wide) in paragraph at lines 770--771
\T1/lmr/m/it/12 tions \T1/lmr/m/n/12 and \T1/lmr/m/it/12 Re-lated asymp-totic n
o-ta-tions: Fam-ily of Bach-mann?Landau no-ta-tions\T1/lmr/m/n/12 , in \T1/lmr/
m/it/12 Wikipedia,
 []

[51]
Overfull \hbox (16.01239pt too wide) in paragraph at lines 771--772
\T1/lmtt/m/n/12 wikipedia . org / wiki / Time _ complexity # Table _ of _ commo
n _ time _ complexities$[][]\T1/lmr/m/n/12 ; last ac-cessed
 []

[52]
Underfull \hbox (badness 10000) in paragraph at lines 837--838

 []


Underfull \hbox (badness 10000) in paragraph at lines 839--840

 []

[53] [54] [55]
Overfull \hbox (3.32965pt too wide) in paragraph at lines 986--987
[]\T1/lmr/m/n/12 Create as-sem-bly code: \T1/lmtt/m/n/12 c++ -S -fverbose-asm -
g -02 \T1/lmr/m/it/12 [source_code.cpp] \T1/lmtt/m/n/12 -o \T1/lmr/m/it/12 [una
ssem-
 []


Underfull \hbox (badness 10000) in paragraph at lines 1033--1034

 []


Underfull \hbox (badness 10000) in paragraph at lines 1035--1037

 []

[56]
Underfull \hbox (badness 10000) in paragraph at lines 1038--1039

 []


Underfull \hbox (badness 10000) in paragraph at lines 1040--1041

 []


Underfull \hbox (badness 10000) in paragraph at lines 1059--1061

 []


Underfull \hbox (badness 10000) in paragraph at lines 1081--1082

 []

[57]
Underfull \hbox (badness 10000) in paragraph at lines 1083--1084

 []

) (./questions/questions.tex [58]
Chapter 7.

Overfull \hbox (230.57298pt too wide) in paragraph at lines 51--53
\T1/lmr/m/n/12 and [][]$\T1/lmtt/m/n/12 http : / / programmers . stackexchange 
. com / questions / 195337 / is-[]there-[]any-[]difference-[]between-[]pointers
-[]and-[]references /
 []


Overfull \hbox (12.85683pt too wide) in paragraph at lines 54--55
\T1/lmr/m/it/12 Ex-change Inc.: Pro-gram-mers Stack Ex-change: Ques-tions \T1/l
mr/m/n/12 at: [][]$\T1/lmtt/m/n/12 http : / / programmers . stackexchange .
 []


Overfull \hbox (4.82614pt too wide) in paragraph at lines 56--57
[]\T1/lmr/m/n/12 Answer from Kevin, Novem-ber 10, 2010: [][]$\T1/lmtt/m/n/12 ht
tp : / / programmers . stackexchange . com / a / 17919$[][]
 []


Overfull \hbox (112.24792pt too wide) in paragraph at lines 56--57
\T1/lmr/m/n/12 and [][]$\T1/lmtt/m/n/12 http : / / programmers . stackexchange 
. com / questions / 17898 / whats-[]a-[]nice-[]explanation-[]for-[]pointers /
 []


Overfull \hbox (145.73401pt too wide) in paragraph at lines 57--58
\T1/lmtt/m/n/12 18087$[][] \T1/lmr/m/n/12 and [][]$\T1/lmtt/m/n/12 http : / / p
rogrammers . stackexchange . com / questions / 17898 / whats-[]a-[]nice-[]expla
nation-[]for-[]pointers /
 []


Overfull \hbox (145.727pt too wide) in paragraph at lines 58--59
\T1/lmtt/m/n/12 17915$[][] \T1/lmr/m/n/12 and [][]$\T1/lmtt/m/n/12 http : / / p
rogrammers . stackexchange . com / questions / 17898 / whats-[]a-[]nice-[]expla
nation-[]for-[]pointers /
 []

[59

]
Overfull \hbox (158.07701pt too wide) in paragraph at lines 59--60
\T1/lmtt/m/n/12 a / 18529$[][] \T1/lmr/m/n/12 and [][]$\T1/lmtt/m/n/12 http : /
 / programmers . stackexchange . com / questions / 17898 / whats-[]a-[]nice-[]e
xplanation-[]for-[]pointers /
 []


Overfull \hbox (112.24792pt too wide) in paragraph at lines 60--61
\T1/lmr/m/n/12 and [][]$\T1/lmtt/m/n/12 http : / / programmers . stackexchange 
. com / questions / 17898 / whats-[]a-[]nice-[]explanation-[]for-[]pointers /
 []


Overfull \hbox (145.727pt too wide) in paragraph at lines 61--62
\T1/lmtt/m/n/12 18092$[][] \T1/lmr/m/n/12 and [][]$\T1/lmtt/m/n/12 http : / / p
rogrammers . stackexchange . com / questions / 17898 / whats-[]a-[]nice-[]expla
nation-[]for-[]pointers /
 []


Overfull \hbox (145.727pt too wide) in paragraph at lines 62--63
\T1/lmtt/m/n/12 23016$[][] \T1/lmr/m/n/12 and [][]$\T1/lmtt/m/n/12 http : / / p
rogrammers . stackexchange . com / questions / 17898 / whats-[]a-[]nice-[]expla
nation-[]for-[]pointers /
 []

[60]
Overfull \hbox (207.47728pt too wide) in paragraph at lines 86--87
\T1/lmtt/m/n/12 stackoverflow . com / questions / 57483 / what-[]are-[]the-[]di
fferences-[]between-[]a-[]pointer-[]variable-[]and-[]a-[]reference-[]variable-[
]in$[][]\T1/lmr/m/n/12 ;
 []

[61]) (./misc/misc.tex [62]
Chapter 8.

Overfull \hbox (35.7866pt too wide) in paragraph at lines 27--28
[]\T1/lmr/m/n/12 List of im-por-tant pub-li-ca-tions in math-e-mat-ics: [][]$\T
1/lmtt/m/n/12 https : / / en . wikipedia . org / wiki / List _ of _ important _

 []

[63

]) [64] (./data-structures_n_algor.bbl [65

] [66

] [67] [68] [69]

LaTeX Warning: Command \textregistered invalid in math mode on input line 406.


LaTeX Warning: Command \textregistered invalid in math mode on input line 406.


LaTeX Warning: Command \textregistered invalid in math mode on input line 412.


LaTeX Warning: Command \textregistered invalid in math mode on input line 412.


LaTeX Warning: Command \textregistered invalid in math mode on input line 418.


LaTeX Warning: Command \textregistered invalid in math mode on input line 418.


LaTeX Warning: Command \textregistered invalid in math mode on input line 442.


LaTeX Warning: Command \textregistered invalid in math mode on input line 442.

[70] [71] [72]
Underfull \hbox (badness 6961) in paragraph at lines 705--712
[][]$\T1/lmtt/m/n/12 http : / / pweb . netcom . com / ~tjensen / ptr / cpoint .
 htm$[][]\T1/lmr/m/n/12 , [][]$\T1/lmtt/m/n/12 http : / / pweb . netcom . com /
 ~tjensen /
 []

[73]
Underfull \hbox (badness 1173) in paragraph at lines 759--764
[]\T1/lmr/m/n/12 Darko Kirovski and Mio-drag Potkon-jak.  A quan-ti-ta-tive ap-
proach to func-tional de-bug-
 []

[74] [75]
Underfull \hbox (badness 5274) in paragraph at lines 936--945
\T1/lmtt/m/n/12 JSC / EN / slides / cplusplus / cplusplus . pdf$[][] \T1/lmr/m/
n/12 and [][]$\T1/lmtt/m/n/12 https : / / www . fz-[]juelich . de / SharedDocs 
/
 []


Underfull \hbox (badness 1038) in paragraph at lines 947--957
\T1/lmr/m/n/12 ( and a pre-view of C++17 ).  Avail-able on-line from \T1/lmr/m/
it/12 Forschungszen-trum Jlich GmbH:
 []


Underfull \hbox (badness 4595) in paragraph at lines 947--957
\T1/lmr/m/it/12 In-sti-tute for Ad-vanced Sim-u-la-tion: Jlich Su-per-com-put-
ing Cen-ter \T1/lmr/m/n/12 at: [][]$\T1/lmtt/m/n/12 https : / / www .
 []


Underfull \hbox (badness 10000) in paragraph at lines 947--957
\T1/lmtt/m/n/12 fz-[]juelich . de / SharedDocs / Downloads / IAS / JSC / EN / s
lides / cplusplus / cplusplus . pdf$[][]
 []


Underfull \hbox (badness 10000) in paragraph at lines 947--957
\T1/lmr/m/n/12 and [][]$\T1/lmtt/m/n/12 https : / / www . fz-[]juelich . de / S
haredDocs / Downloads / IAS / JSC / EN / slides / cplusplus /
 []


Underfull \hbox (badness 10000) in paragraph at lines 947--957
\T1/lmtt/m/n/12 cplusplus . pdf ; jsessionid = F6F2721BAADDF0E098B19D576F1E0ED1
 ? _ _ blob = publicationFile$[][]\T1/lmr/m/n/12 ;
 []


Underfull \hbox (badness 10000) in paragraph at lines 967--974
[]\T1/lmr/m/n/12 Peter Mortensen.  What is the dif-fer-ence be-tween const int$
[]$, const int $[]$
 []


Underfull \hbox (badness 6252) in paragraph at lines 967--974
\T1/lmr/m/n/12 const, and int const $[]$?  Avail-able on-line from \T1/lmr/m/it
/12 Stack Ex-change Inc.: Stack
 []


Underfull \hbox (badness 10000) in paragraph at lines 967--974
\T1/lmr/m/it/12 Over-flow: Ques-tions \T1/lmr/m/n/12 at: [][]$\T1/lmtt/m/n/12 h
ttp : / / stackoverflow . com / questions / 1143262 /
 []


Underfull \hbox (badness 10000) in paragraph at lines 967--974
\T1/lmtt/m/n/12 what-[]is-[]the-[]difference-[]between-[]const-[]int-[]const-[]
int-[]const-[]and-[]int-[]const$[][]\T1/lmr/m/n/12 ; Oc-to-
 []


Underfull \hbox (badness 10000) in paragraph at lines 976--984
\T1/lmtt/m/n/12 / / stackoverflow . com / a / 36319466 / 1531728$[][] \T1/lmr/m
/n/12 and [][]$\T1/lmtt/m/n/12 http : / / stackoverflow . com / questions /
 []


Underfull \hbox (badness 10000) in paragraph at lines 976--984
\T1/lmtt/m/n/12 36319028 / why-[]is-[]the-[]discrepancy-[]in-[]these-[]two-[]ca
ses-[]of-[]using-[]c-[]templates /
 []


LaTeX Warning: Command \textregistered invalid in math mode on input line 996.


LaTeX Warning: Command \textregistered invalid in math mode on input line 996.


LaTeX Warning: Command \textregistered invalid in math mode on input line 1002.



LaTeX Warning: Command \textregistered invalid in math mode on input line 1002.


[76]
Underfull \hbox (badness 10000) in paragraph at lines 1023--1029
[]\T1/lmr/m/n/12 Yusuf Ke-mal z-can.  Is there any dif-fer-ence be-tween point
-ers and ref-er-
 []


Underfull \hbox (badness 7888) in paragraph at lines 1023--1029
\T1/lmr/m/n/12 ences?  Avail-able on-line from \T1/lmr/m/it/12 Stack Ex-change 
Inc.: Pro-gram-mers Stack Ex-
 []


Underfull \hbox (badness 10000) in paragraph at lines 1023--1029
\T1/lmr/m/it/12 change: Ques-tions \T1/lmr/m/n/12 at: [][]$\T1/lmtt/m/n/12 http
 : / / programmers . stackexchange . com / questions / 195337 /
 []


Underfull \hbox (badness 6927) in paragraph at lines 1023--1029
\T1/lmtt/m/n/12 is-[]there-[]any-[]difference-[]between-[]pointers-[]and-[]refe
rences$[][]\T1/lmr/m/n/12 ; Oc-to-ber 28, 2015 was
 []

[77] [78] [79] [80] [81])
Package atveryend Info: Empty hook `BeforeClearDocument' on input line 287.
 [82]
Package atveryend Info: Empty hook `AfterLastShipout' on input line 287.
 (./data-structures_n_algor.aux)
Package atveryend Info: Executing hook `AtVeryEndDocument' on input line 287.
Package atveryend Info: Executing hook `AtEndAfterFileList' on input line 287.
Package rerunfilecheck Info: File `data-structures_n_algor.out' has not changed
.
(rerunfilecheck)             Checksum: FA65DB4855B6EFC7387BA937B234812C;3164.
Package atveryend Info: Empty hook `AtVeryVeryEnd' on input line 287.
 ) 
Here is how much of TeX's memory you used:
 19277 strings out of 492609
 273373 string characters out of 6129049
 421924 words of memory out of 5000000
 21128 multiletter control sequences out of 15000+600000
 125350 words of font info for 91 fonts, out of 8000000 for 9000
 1141 hyphenation exceptions out of 8191
 69i,15n,108p,1261b,662s stack positions out of 5000i,500n,10000p,200000b,80000s
{/usr/local/texlive/2019/texmf-dist/fonts/enc/dvips/lm/lm-ec.enc}{/usr/local/
texlive/2019/texmf-dist/fonts/enc/dvips/lm/lm-mathit.enc}{/usr/local/texlive/20
19/texmf-dist/fonts/enc/dvips/lm/lm-rm.enc}{/usr/local/texlive/2019/texmf-dist/
fonts/enc/dvips/lm/lm-mathsy.enc}{/usr/local/texlive/2019/texmf-dist/fonts/enc/
dvips/lm/lm-mathex.enc}{/usr/local/texlive/2019/texmf-dist/fonts/enc/dvips/lm/l
m-ts1.enc}</usr/local/texlive/2019/texmf-dist/fonts/type1/public/lm/lmbx12.pfb>
</usr/local/texlive/2019/texmf-dist/fonts/type1/public/lm/lmcsc10.pfb></usr/loc
al/texlive/2019/texmf-dist/fonts/type1/public/lm/lmex10.pfb></usr/local/texlive
/2019/texmf-dist/fonts/type1/public/lm/lmmi12.pfb></usr/local/texlive/2019/texm
f-dist/fonts/type1/public/lm/lmmi6.pfb></usr/local/texlive/2019/texmf-dist/font
s/type1/public/lm/lmmi8.pfb></usr/local/texlive/2019/texmf-dist/fonts/type1/pub
lic/lm/lmr10.pfb></usr/local/texlive/2019/texmf-dist/fonts/type1/public/lm/lmr1
2.pfb></usr/local/texlive/2019/texmf-dist/fonts/type1/public/lm/lmr17.pfb></usr
/local/texlive/2019/texmf-dist/fonts/type1/public/lm/lmr6.pfb></usr/local/texli
ve/2019/texmf-dist/fonts/type1/public/lm/lmr8.pfb></usr/local/texlive/2019/texm
f-dist/fonts/type1/public/lm/lmri12.pfb></usr/local/texlive/2019/texmf-dist/fon
ts/type1/public/lm/lmro12.pfb></usr/local/texlive/2019/texmf-dist/fonts/type1/p
ublic/lm/lmsy10.pfb></usr/local/texlive/2019/texmf-dist/fonts/type1/public/lm/l
msy8.pfb></usr/local/texlive/2019/texmf-dist/fonts/type1/public/lm/lmtk10.pfb><
/usr/local/texlive/2019/texmf-dist/fonts/type1/public/lm/lmtt12.pfb></usr/local
/texlive/2019/texmf-dist/fonts/type1/public/marvosym/marvosym.pfb></usr/local/t
exlive/2019/texmf-dist/fonts/type1/public/amsfonts/symbols/msam10.pfb></usr/loc
al/texlive/2019/texmf-dist/fonts/type1/public/amsfonts/symbols/msbm10.pfb>
Output written on data-structures_n_algor.pdf (87 pages, 682572 bytes).
PDF statistics:
 3793 PDF objects out of 4296 (max. 8388607)
 3647 compressed objects within 37 object streams
 1681 named destinations out of 1728 (max. 500000)
 361 words of extra memory for PDF output out of 10000 (max. 10000000)

